INFO:botocore.credentials:Found credentials in shared credentials file: ~/.aws/credentials
INFO:__main__:A program elkezdodott
INFO:__main__:1 perc varakozas!
INFO:__main__:A program elkezdodott
INFO:__main__:1 perc varakozas!
INFO:__main__:LEALLITVA
INFO:botocore.credentials:Found credentials in shared credentials file: ~/.aws/credentials
INFO:__main__:A program elkezdodott
INFO:__main__:3028A register olvasasa sikeres, Erteke:86
INFO:__main__:3032A register olvasasa sikeres, Erteke:67
INFO:__main__:3034A register olvasasa sikeres, Erteke:176
INFO:__main__:3000A register olvasasa sikeres, Erteke:27
INFO:__main__:3002A register olvasasa sikeres, Erteke:79
INFO:__main__:3004A register olvasasa sikeres, Erteke:410
INFO:__main__:3076A register olvasasa sikeres, Erteke:990
INFO:__main__:3060A register olvasasa sikeres, Erteke:916
INFO:__main__:3068A register olvasasa sikeres, Erteke:375
INFO:__main__:3110A register olvasasa sikeres, Erteke:7
INFO:__main__:3196A register olvasasa sikeres, Erteke:883
INFO:__main__:3240A register olvasasa sikeres, Erteke:144
INFO:__main__:3208A register olvasasa sikeres, Erteke:548
INFO:__main__:3224A register olvasasa sikeres, Erteke:163
INFO:__main__:['2024-10-31 19:40:09', 86, 67, 176, 27, 79, 410, 990, 916, 375, 7, 883, 144, 548, 163]FELToLTVE
INFO:__main__:1 perc varakozas!
INFO:__main__:A program elkezdodott
INFO:__main__:3028A register olvasasa sikeres, Erteke:431
INFO:__main__:3032A register olvasasa sikeres, Erteke:593
INFO:__main__:3034A register olvasasa sikeres, Erteke:812
INFO:__main__:3000A register olvasasa sikeres, Erteke:54
INFO:__main__:3002A register olvasasa sikeres, Erteke:451
INFO:__main__:3004A register olvasasa sikeres, Erteke:280
INFO:__main__:3076A register olvasasa sikeres, Erteke:498
INFO:__main__:3060A register olvasasa sikeres, Erteke:495
INFO:__main__:3068A register olvasasa sikeres, Erteke:176
INFO:__main__:3110A register olvasasa sikeres, Erteke:801
INFO:__main__:3196A register olvasasa sikeres, Erteke:481
INFO:__main__:3240A register olvasasa sikeres, Erteke:964
INFO:__main__:3208A register olvasasa sikeres, Erteke:57
INFO:__main__:3224A register olvasasa sikeres, Erteke:685
INFO:__main__:['2024-10-31 19:41:10', 431, 593, 812, 54, 451, 280, 498, 495, 176, 801, 481, 964, 57, 685]FELToLTVE
INFO:__main__:1 perc varakozas!
INFO:__main__:A program elkezdodott
INFO:__main__:3028A register olvasasa sikeres, Erteke:47
INFO:__main__:3032A register olvasasa sikeres, Erteke:564
INFO:__main__:3034A register olvasasa sikeres, Erteke:653
INFO:__main__:3000A register olvasasa sikeres, Erteke:688
INFO:__main__:3002A register olvasasa sikeres, Erteke:208
INFO:__main__:3004A register olvasasa sikeres, Erteke:128
INFO:__main__:3076A register olvasasa sikeres, Erteke:203
INFO:__main__:3060A register olvasasa sikeres, Erteke:249
INFO:__main__:3068A register olvasasa sikeres, Erteke:303
INFO:__main__:3110A register olvasasa sikeres, Erteke:506
INFO:__main__:3196A register olvasasa sikeres, Erteke:750
INFO:__main__:3240A register olvasasa sikeres, Erteke:69
INFO:__main__:3208A register olvasasa sikeres, Erteke:268
INFO:__main__:3224A register olvasasa sikeres, Erteke:272
INFO:__main__:['2024-10-31 19:42:12', 47, 564, 653, 688, 208, 128, 203, 249, 303, 506, 750, 69, 268, 272]FELToLTVE
INFO:__main__:1 perc varakozas!
INFO:__main__:LEALLITVA
INFO:botocore.credentials:Found credentials in shared credentials file: ~/.aws/credentials
INFO:botocore.credentials:Found credentials in shared credentials file: ~/.aws/credentials
INFO:__main__:A program elkezdodott
INFO:__main__:3028A register olvasasa sikeres, Erteke:787
INFO:__main__:3032A register olvasasa sikeres, Erteke:762
INFO:__main__:3034A register olvasasa sikeres, Erteke:763
INFO:__main__:3000A register olvasasa sikeres, Erteke:215
INFO:__main__:3002A register olvasasa sikeres, Erteke:8
INFO:__main__:3004A register olvasasa sikeres, Erteke:217
INFO:__main__:3076A register olvasasa sikeres, Erteke:661
INFO:__main__:3060A register olvasasa sikeres, Erteke:290
INFO:__main__:3068A register olvasasa sikeres, Erteke:460
INFO:__main__:3110A register olvasasa sikeres, Erteke:48
INFO:__main__:3196A register olvasasa sikeres, Erteke:202
INFO:__main__:3240A register olvasasa sikeres, Erteke:21
INFO:__main__:3208A register olvasasa sikeres, Erteke:603
INFO:__main__:3224A register olvasasa sikeres, Erteke:949
INFO:__main__:['2024-10-31 20:15:00', 787, 762, 763, 215, 8, 217, 661, 290, 460, 48, 202, 21, 603, 949]FELToLTVE
INFO:__main__:1 perc varakozas!
INFO:botocore.credentials:Found credentials in shared credentials file: ~/.aws/credentials
INFO:__main__:A program elkezdodott
INFO:__main__:3028A register olvasasa sikeres, Erteke:785
INFO:__main__:3032A register olvasasa sikeres, Erteke:809
INFO:__main__:3034A register olvasasa sikeres, Erteke:493
INFO:__main__:3000A register olvasasa sikeres, Erteke:194
INFO:__main__:3002A register olvasasa sikeres, Erteke:78
INFO:__main__:3004A register olvasasa sikeres, Erteke:604
INFO:__main__:3076A register olvasasa sikeres, Erteke:434
INFO:__main__:3060A register olvasasa sikeres, Erteke:796
INFO:__main__:3068A register olvasasa sikeres, Erteke:290
INFO:__main__:3110A register olvasasa sikeres, Erteke:589
INFO:__main__:3196A register olvasasa sikeres, Erteke:253
INFO:__main__:3240A register olvasasa sikeres, Erteke:671
INFO:__main__:3208A register olvasasa sikeres, Erteke:378
INFO:__main__:3224A register olvasasa sikeres, Erteke:895
INFO:__main__:['2024-10-31 20:16:23', 785, 809, 493, 194, 78, 604, 434, 796, 290, 589, 253, 671, 378, 895]FELToLTVE
INFO:__main__:1 perc varakozas!
INFO:botocore.credentials:Found credentials in shared credentials file: ~/.aws/credentials
INFO:__main__:A program elkezdodott
INFO:__main__:3028A register olvasasa sikeres, Erteke:748
INFO:__main__:3032A register olvasasa sikeres, Erteke:860
INFO:__main__:3034A register olvasasa sikeres, Erteke:536
INFO:__main__:3000A register olvasasa sikeres, Erteke:157
INFO:__main__:3002A register olvasasa sikeres, Erteke:643
INFO:__main__:3004A register olvasasa sikeres, Erteke:663
INFO:__main__:3076A register olvasasa sikeres, Erteke:867
INFO:__main__:3060A register olvasasa sikeres, Erteke:746
INFO:__main__:3068A register olvasasa sikeres, Erteke:444
INFO:__main__:3110A register olvasasa sikeres, Erteke:77
INFO:__main__:3196A register olvasasa sikeres, Erteke:86
INFO:__main__:3240A register olvasasa sikeres, Erteke:284
INFO:__main__:3208A register olvasasa sikeres, Erteke:884
INFO:__main__:3224A register olvasasa sikeres, Erteke:531
INFO:__main__:['2024-10-31 20:19:43', 748, 860, 536, 157, 643, 663, 867, 746, 444, 77, 86, 284, 884, 531]FELToLTVE
INFO:__main__:1 perc varakozas!
INFO:__main__:A program elkezdodott
INFO:__main__:3028A register olvasasa sikeres, Erteke:893
INFO:__main__:3032A register olvasasa sikeres, Erteke:131
INFO:__main__:3034A register olvasasa sikeres, Erteke:590
INFO:__main__:3000A register olvasasa sikeres, Erteke:471
INFO:__main__:3002A register olvasasa sikeres, Erteke:212
INFO:__main__:3004A register olvasasa sikeres, Erteke:665
INFO:__main__:3076A register olvasasa sikeres, Erteke:64
INFO:__main__:3060A register olvasasa sikeres, Erteke:330
INFO:__main__:3068A register olvasasa sikeres, Erteke:277
INFO:__main__:3110A register olvasasa sikeres, Erteke:991
INFO:__main__:3196A register olvasasa sikeres, Erteke:493
INFO:__main__:3240A register olvasasa sikeres, Erteke:301
INFO:__main__:3208A register olvasasa sikeres, Erteke:814
INFO:__main__:3224A register olvasasa sikeres, Erteke:394
INFO:__main__:['2024-10-31 20:20:04', 893, 131, 590, 471, 212, 665, 64, 330, 277, 991, 493, 301, 814, 394]FELToLTVE
INFO:__main__:1 perc varakozas!
INFO:__main__:A program elkezdodott
INFO:__main__:3028A register olvasasa sikeres, Erteke:478
INFO:__main__:3032A register olvasasa sikeres, Erteke:574
INFO:__main__:3034A register olvasasa sikeres, Erteke:817
INFO:__main__:3000A register olvasasa sikeres, Erteke:108
INFO:__main__:3002A register olvasasa sikeres, Erteke:267
INFO:__main__:3004A register olvasasa sikeres, Erteke:584
INFO:__main__:3076A register olvasasa sikeres, Erteke:714
INFO:__main__:3060A register olvasasa sikeres, Erteke:606
INFO:__main__:3068A register olvasasa sikeres, Erteke:819
INFO:__main__:3110A register olvasasa sikeres, Erteke:743
INFO:__main__:3196A register olvasasa sikeres, Erteke:950
INFO:__main__:3240A register olvasasa sikeres, Erteke:186
INFO:__main__:3208A register olvasasa sikeres, Erteke:111
INFO:__main__:3224A register olvasasa sikeres, Erteke:706
INFO:__main__:['2024-10-31 20:20:25', 478, 574, 817, 108, 267, 584, 714, 606, 819, 743, 950, 186, 111, 706]FELToLTVE
INFO:__main__:1 perc varakozas!
INFO:__main__:A program elkezdodott
INFO:__main__:3028A register olvasasa sikeres, Erteke:628
INFO:__main__:3032A register olvasasa sikeres, Erteke:917
INFO:__main__:3034A register olvasasa sikeres, Erteke:852
INFO:__main__:3000A register olvasasa sikeres, Erteke:854
INFO:__main__:3002A register olvasasa sikeres, Erteke:704
INFO:__main__:3004A register olvasasa sikeres, Erteke:928
INFO:__main__:3076A register olvasasa sikeres, Erteke:5
INFO:__main__:3060A register olvasasa sikeres, Erteke:122
INFO:__main__:3068A register olvasasa sikeres, Erteke:126
INFO:__main__:3110A register olvasasa sikeres, Erteke:440
INFO:__main__:3196A register olvasasa sikeres, Erteke:205
INFO:__main__:3240A register olvasasa sikeres, Erteke:98
INFO:__main__:3208A register olvasasa sikeres, Erteke:792
INFO:__main__:3224A register olvasasa sikeres, Erteke:547
INFO:__main__:['2024-10-31 20:20:45', 628, 917, 852, 854, 704, 928, 5, 122, 126, 440, 205, 98, 792, 547]FELToLTVE
INFO:__main__:1 perc varakozas!
INFO:__main__:A program elkezdodott
INFO:__main__:3028A register olvasasa sikeres, Erteke:186
INFO:__main__:3032A register olvasasa sikeres, Erteke:0
INFO:__main__:3034A register olvasasa sikeres, Erteke:323
INFO:__main__:3000A register olvasasa sikeres, Erteke:560
INFO:__main__:3002A register olvasasa sikeres, Erteke:593
INFO:__main__:3004A register olvasasa sikeres, Erteke:420
INFO:__main__:3076A register olvasasa sikeres, Erteke:701
INFO:__main__:3060A register olvasasa sikeres, Erteke:104
INFO:__main__:3068A register olvasasa sikeres, Erteke:756
INFO:__main__:3110A register olvasasa sikeres, Erteke:127
INFO:__main__:3196A register olvasasa sikeres, Erteke:865
INFO:__main__:3240A register olvasasa sikeres, Erteke:217
INFO:__main__:3208A register olvasasa sikeres, Erteke:210
INFO:__main__:3224A register olvasasa sikeres, Erteke:868
INFO:__main__:['2024-10-31 20:21:06', 186, 0, 323, 560, 593, 420, 701, 104, 756, 127, 865, 217, 210, 868]FELToLTVE
INFO:__main__:1 perc varakozas!
INFO:__main__:LEALLITVA
INFO:botocore.credentials:Found credentials in shared credentials file: ~/.aws/credentials
INFO:botocore.credentials:Found credentials in shared credentials file: ~/.aws/credentials
INFO:__main__:A program elkezdodott
INFO:__main__:3028A register olvasasa sikeres, Erteke:57
INFO:__main__:3032A register olvasasa sikeres, Erteke:366
INFO:__main__:3034A register olvasasa sikeres, Erteke:224
INFO:__main__:3000A register olvasasa sikeres, Erteke:378
INFO:__main__:3002A register olvasasa sikeres, Erteke:172
INFO:__main__:3004A register olvasasa sikeres, Erteke:962
INFO:__main__:3076A register olvasasa sikeres, Erteke:965
INFO:__main__:3060A register olvasasa sikeres, Erteke:381
INFO:__main__:3068A register olvasasa sikeres, Erteke:83
INFO:__main__:3110A register olvasasa sikeres, Erteke:589
INFO:__main__:3196A register olvasasa sikeres, Erteke:850
INFO:__main__:3240A register olvasasa sikeres, Erteke:444
INFO:__main__:3208A register olvasasa sikeres, Erteke:420
INFO:__main__:3224A register olvasasa sikeres, Erteke:409
INFO:__main__:['2024-10-31 20:30:13', 57, 366, 224, 378, 172, 962, 965, 381, 83, 589, 850, 444, 420, 409]FELToLTVE
INFO:__main__:1 perc varakozas!
INFO:__main__:LEALLITVA
INFO:botocore.credentials:Found credentials in shared credentials file: ~/.aws/credentials
INFO:__main__:A program elkezdodott
INFO:__main__:3028A register olvasasa sikeres, Erteke:422
INFO:__main__:3032A register olvasasa sikeres, Erteke:886
INFO:__main__:3034A register olvasasa sikeres, Erteke:941
INFO:__main__:3000A register olvasasa sikeres, Erteke:626
INFO:__main__:3002A register olvasasa sikeres, Erteke:899
INFO:__main__:3004A register olvasasa sikeres, Erteke:465
INFO:__main__:3076A register olvasasa sikeres, Erteke:300
INFO:__main__:3060A register olvasasa sikeres, Erteke:972
INFO:__main__:3068A register olvasasa sikeres, Erteke:392
INFO:__main__:3110A register olvasasa sikeres, Erteke:182
INFO:__main__:3196A register olvasasa sikeres, Erteke:95
INFO:__main__:3240A register olvasasa sikeres, Erteke:62
INFO:__main__:3208A register olvasasa sikeres, Erteke:876
INFO:__main__:3224A register olvasasa sikeres, Erteke:203
INFO:__main__:['2024-10-31 20:34:35', 422, 886, 941, 626, 899, 465, 300, 972, 392, 182, 95, 62, 876, 203]FELToLTVE
INFO:__main__:1 perc varakozas!
INFO:__main__:A program elkezdodott
INFO:__main__:3028A register olvasasa sikeres, Erteke:798
INFO:__main__:3032A register olvasasa sikeres, Erteke:233
INFO:__main__:3034A register olvasasa sikeres, Erteke:346
INFO:__main__:3000A register olvasasa sikeres, Erteke:874
INFO:__main__:3002A register olvasasa sikeres, Erteke:841
INFO:__main__:3004A register olvasasa sikeres, Erteke:104
INFO:__main__:3076A register olvasasa sikeres, Erteke:143
INFO:__main__:3060A register olvasasa sikeres, Erteke:981
INFO:__main__:3068A register olvasasa sikeres, Erteke:180
INFO:__main__:3110A register olvasasa sikeres, Erteke:100
INFO:__main__:3196A register olvasasa sikeres, Erteke:513
INFO:__main__:3240A register olvasasa sikeres, Erteke:675
INFO:__main__:3208A register olvasasa sikeres, Erteke:535
INFO:__main__:3224A register olvasasa sikeres, Erteke:584
INFO:__main__:['2024-10-31 20:34:55', 798, 233, 346, 874, 841, 104, 143, 981, 180, 100, 513, 675, 535, 584]FELToLTVE
INFO:__main__:1 perc varakozas!
INFO:__main__:LEALLITVA
